[2025-05-14 20:57:39] Error: Exception: This should go into the logs in C:\xampp\htdocs\php-rent\php-rent-service\bin\schema_load.php on line 7
[2025-05-14 21:06:32] Error: Exception: This has happend on the web in C:\xampp\htdocs\php-rent\php-rent-service\app\Controller\HomeController.php on line 10
[2025-05-14 21:06:39] Error: Exception: This has happend on the web in C:\xampp\htdocs\php-rent\php-rent-service\app\Controller\HomeController.php on line 10
[2025-05-14 21:06:41] Error: Exception: This has happend on the web in C:\xampp\htdocs\php-rent\php-rent-service\app\Controller\HomeController.php on line 10
[2025-05-14 21:14:21] Error: Exception: This has happend on the web in C:\xampp\htdocs\php-rent\php-rent-service\app\Controller\HomeController.php on line 10
[2025-05-16 22:21:49] Error: PDOException: SQLSTATE[23000]: Integrity constraint violation: 19 UNIQUE constraint failed: users.email in C:\xampp\htdocs\php-rent\php-rent-service\core\Database.php on line 38
[2025-05-16 22:37:45] Error: ErrorException: Creation of dynamic property App\Models\Car::$id is deprecated in C:\xampp\htdocs\php-rent\php-rent-service\core\Database.php on line 47
[2025-05-16 22:41:58] Error: ErrorException: Creation of dynamic property App\Models\Car::$created_at is deprecated in C:\xampp\htdocs\php-rent\php-rent-service\core\Database.php on line 47
[2025-05-17 12:21:59] Error: TypeError: PDOStatement::fetch(): Argument #2 ($cursorOrientation) must be of type int, string given in C:\xampp\htdocs\php-rent\php-rent-service\core\Database.php on line 55
[2025-05-17 12:24:40] Error: ArgumentCountError: PDOStatement::setFetchMode() expects at least 2 arguments for the fetch mode provided, 1 given in C:\xampp\htdocs\php-rent\php-rent-service\core\Database.php on line 53
[2025-05-17 12:36:33] Error: ArgumentCountError: PDOStatement::setFetchMode() expects at least 2 arguments for the fetch mode provided, 1 given in C:\xampp\htdocs\php-rent\php-rent-service\core\Database.php on line 53
[2025-05-17 12:36:33] Error: ArgumentCountError: PDOStatement::setFetchMode() expects at least 2 arguments for the fetch mode provided, 1 given in C:\xampp\htdocs\php-rent\php-rent-service\core\Database.php on line 53
[2025-05-17 12:38:29] Error: ErrorException: Creation of dynamic property App\Models\Review::$created_at is deprecated in C:\xampp\htdocs\php-rent\php-rent-service\core\Database.php on line 47
[2025-05-17 12:39:18] Error: ErrorException: Creation of dynamic property App\Models\CarSpecification::$created_at is deprecated in C:\xampp\htdocs\php-rent\php-rent-service\core\Database.php on line 47
[2025-05-17 12:39:29] Error: ErrorException: Attempt to read property "fuel_type" on array in C:\xampp\htdocs\php-rent\php-rent-service\app\Views\cars\show.php on line 7
[2025-05-17 12:40:53] Error: ErrorException: Attempt to read property "fuel_type" on array in C:\xampp\htdocs\php-rent\php-rent-service\app\Views\cars\show.php on line 7
[2025-05-17 12:41:13] Error: TypeError: App\Models\CarSpecification::forCar(): Return value must be of type array, App\Models\CarSpecification returned in C:\xampp\htdocs\php-rent\php-rent-service\app\Models\CarSpecification.php on line 22
[2025-05-17 12:42:46] Error: TypeError: App\Models\CarSpecification::forCar(): Return value must be of type array, App\Models\CarSpecification returned in C:\xampp\htdocs\php-rent\php-rent-service\app\Models\CarSpecification.php on line 22
[2025-05-17 12:42:47] Error: TypeError: App\Models\CarSpecification::forCar(): Return value must be of type array, App\Models\CarSpecification returned in C:\xampp\htdocs\php-rent\php-rent-service\app\Models\CarSpecification.php on line 22
[2025-05-17 12:43:11] Error: TypeError: App\Models\CarSpecification::forCar(): Return value must be of type array, App\Models\CarSpecification returned in C:\xampp\htdocs\php-rent\php-rent-service\app\Models\CarSpecification.php on line 22
[2025-05-17 12:44:14] Error: TypeError: App\Models\CarSpecification::forCar(): Return value must be of type array, App\Models\CarSpecification returned in C:\xampp\htdocs\php-rent\php-rent-service\app\Models\CarSpecification.php on line 22
[2025-05-17 17:37:50] Error: RuntimeException: Error: Template file not found: C:\xampp\htdocs\php-rent\php-rent-service/app/Views/ cars/index.php in C:\xampp\htdocs\php-rent\php-rent-service\core\View.php on line 22
[2025-05-17 17:38:23] Error: RuntimeException: Error: Template file not found: C:\xampp\htdocs\php-rent\php-rent-service/app/Views/ cars/index.php in C:\xampp\htdocs\php-rent\php-rent-service\core\View.php on line 22
[2025-05-17 17:41:37] Error: ParseError: syntax error, unexpected token ";" in C:\xampp\htdocs\php-rent\php-rent-service\app\Views\cars\index.php on line 13
[2025-05-17 17:41:42] Error: ParseError: syntax error, unexpected token ";" in C:\xampp\htdocs\php-rent\php-rent-service\app\Views\cars\index.php on line 14
[2025-05-17 17:41:42] Error: ParseError: syntax error, unexpected token ";" in C:\xampp\htdocs\php-rent\php-rent-service\app\Views\cars\index.php on line 14
[2025-05-17 17:45:02] Error: ErrorException: Undefined property: App\Models\Car::$registration_year in C:\xampp\htdocs\php-rent\php-rent-service\app\Views\cars\index.php on line 18
[2025-05-17 17:46:20] Error: ErrorException: Undefined property: App\Models\Car::$price in C:\xampp\htdocs\php-rent\php-rent-service\app\Views\cars\index.php on line 21
[2025-05-18 16:44:41] Error: ErrorException: Optional parameter $limit declared before required parameter $page is implicitly treated as a required parameter in C:\xampp\htdocs\php-rent\php-rent-service\app\Models\Car.php on line 24
[2025-05-18 16:44:56] Error: ErrorException: Optional parameter $limit declared before required parameter $page is implicitly treated as a required parameter in C:\xampp\htdocs\php-rent\php-rent-service\app\Models\Car.php on line 24
[2025-05-18 16:45:08] Error: ErrorException: Optional parameter $limit declared before required parameter $page is implicitly treated as a required parameter in C:\xampp\htdocs\php-rent\php-rent-service\app\Models\Car.php on line 24
[2025-05-18 16:46:09] Error: ErrorException: Optional parameter $limit declared before required parameter $page is implicitly treated as a required parameter in C:\xampp\htdocs\php-rent\php-rent-service\app\Models\Car.php on line 24
[2025-05-18 16:50:07] Error: ErrorException: Optional parameter $limit declared before required parameter $page is implicitly treated as a required parameter in C:\xampp\htdocs\php-rent\php-rent-service\app\Models\Car.php on line 24
[2025-05-18 16:51:09] Error: TypeError: Core\Model::find(): Return value must be of type ?App\Models\Car, bool returned in C:\xampp\htdocs\php-rent\php-rent-service\core\Model.php on line 15
[2025-05-18 17:37:46] Error: Error: Call to undefined function partial() in C:\xampp\htdocs\php-rent\php-rent-service\app\Views\cars\index.php on line 59
[2025-05-18 17:38:19] Error: Error: Call to undefined function partial() in C:\xampp\htdocs\php-rent\php-rent-service\app\Views\cars\index.php on line 59
[2025-05-18 17:38:20] Error: Error: Call to undefined function partial() in C:\xampp\htdocs\php-rent\php-rent-service\app\Views\cars\index.php on line 59
[2025-05-18 17:39:13] Error: Error: Call to undefined function partial() in C:\xampp\htdocs\php-rent\php-rent-service\app\Views\cars\index.php on line 59
[2025-05-18 17:39:30] Error: Error: Call to undefined function partial() in C:\xampp\htdocs\php-rent\php-rent-service\app\Views\cars\index.php on line 59
[2025-05-18 17:53:57] Error: TypeError: App\Models\Car::getRecent(): Argument #2 ($page) must be of type ?int, string given, called in C:\xampp\htdocs\php-rent\php-rent-service\app\Controllers\CarController.php on line 18 in C:\xampp\htdocs\php-rent\php-rent-service\app\Models\Car.php on line 24
[2025-05-18 17:54:12] Error: TypeError: App\Models\Car::getRecent(): Argument #2 ($page) must be of type ?int, string given, called in C:\xampp\htdocs\php-rent\php-rent-service\app\Controllers\CarController.php on line 18 in C:\xampp\htdocs\php-rent\php-rent-service\app\Models\Car.php on line 24
[2025-05-18 17:54:13] Error: TypeError: App\Models\Car::getRecent(): Argument #2 ($page) must be of type ?int, string given, called in C:\xampp\htdocs\php-rent\php-rent-service\app\Controllers\CarController.php on line 18 in C:\xampp\htdocs\php-rent\php-rent-service\app\Models\Car.php on line 24
